<?xml version="1.0" encoding="UTF-8"?>
<!-- Generated by org.testng.reporters.JUnitXMLReporter -->
<testsuite ignored="2" hostname="LENO-PC0CWH8R" failures="0" tests="1" name="Test" time="21.29" errors="0" timestamp="2022-09-07T19:28:19 IST">
  <testcase classname="vtiger.ContactsTest.CreateContactsWithOrganizationTest" name="CreateContactsWithOrgTest" time="21.237"/>
  <testcase classname="vtiger.OrganizationWithObjRep.CreateOrganizationTest" name="CreateOrgTest" time="0.0">
    <ignored/>
  </testcase> <!-- CreateOrgTest -->
  <testcase classname="vtiger.ContactsTest.CreateContactsTest" name="CreateConTest" time="0.0">
    <ignored/>
  </testcase> <!-- CreateConTest -->
</testsuite> <!-- Test -->
